<?xml version="1.0" encoding="UTF-8"?>
<testsuite xmlns:xsi="http://www.w3.org/2001/XMLSchema-instance" xsi:noNamespaceSchemaLocation="https://maven.apache.org/surefire/maven-surefire-plugin/xsd/surefire-test-report.xsd" name="TestSuite" time="702.129" tests="29" errors="0" skipped="0" failures="1">
  <properties>
[...]
</properties>
  <testcase name="checkBrokenLinks" classname="com.triveniit.goya.qa.testscripts.HomePageTestNG" time="0.006"/>
  <testcase name="smartOrderNotEnabledWithoutCustomer" classname="com.triveniit.goya.qa.testscripts.HomePageTestNG" time="1.11"/>
  <testcase name="addProgramTypePromoToOrder" classname="com.triveniit.goya.qa.testscripts.CreateOrder" time="21.91">
    <failure message="no such element: Unable to locate element: {&quot;method&quot;:&quot;xpath&quot;,&quot;selector&quot;:&quot;//*[@class=&apos;col-md-8 newpad ng-binding&apos;][contains(text(),&apos;25&apos;)]&quot;}&#10;  (Session info: chrome=73.0.3683.103)&#10;  (Driver info: chromedriver=2.46.628402 (536cd7adbad73a3783fdc2cab92ab2ba7ec361e1),platform=Windows NT 10.0.17134 x86_64) (WARNING: The server did not provide any stacktrace information)&#10;Command duration or timeout: 0 milliseconds&#10;For documentation on this error, please visit: https://www.seleniumhq.org/exceptions/no_such_element.html&#10;Build info: version: &apos;3.141.59&apos;, revision: &apos;e82be7d358&apos;, time: &apos;2018-11-14T08:17:03&apos;&#10;System info: host: &apos;DESKTOP-HB18O22&apos;, ip: &apos;192.168.1.225&apos;, os.name: &apos;Windows 10&apos;, os.arch: &apos;amd64&apos;, os.version: &apos;10.0&apos;, java.version: &apos;11.0.2&apos;&#10;Driver info: org.openqa.selenium.chrome.ChromeDriver&#10;Capabilities {acceptInsecureCerts: false, acceptSslCerts: false, applicationCacheEnabled: false, browserConnectionEnabled: false, browserName: chrome, chrome: {chromedriverVersion: 2.46.628402 (536cd7adbad73a..., userDataDir: C:\Users\STEVEE~1\AppData\L...}, cssSelectorsEnabled: true, databaseEnabled: false, goog:chromeOptions: {debuggerAddress: localhost:50521}, handlesAlerts: true, hasTouchScreen: false, javascriptEnabled: true, locationContextEnabled: true, mobileEmulationEnabled: false, nativeEvents: true, networkConnectionEnabled: false, pageLoadStrategy: normal, platform: XP, platformName: XP, proxy: Proxy(), rotatable: false, setWindowRect: true, strictFileInteractability: false, takesHeapSnapshot: true, takesScreenshot: true, timeouts: {implicit: 0, pageLoad: 300000, script: 30000}, unexpectedAlertBehaviour: ignore, unhandledPromptBehavior: ignore, version: 73.0.3683.103, webStorageEnabled: true}&#10;Session ID: 970aa7ffd3aa8e1c0253b6c51658ab15&#10;*** Element info: {Using=xpath, value=//*[@class=&apos;col-md-8 newpad ng-binding&apos;][contains(text(),&apos;25&apos;)]}" type="org.openqa.selenium.NoSuchElementException">org.openqa.selenium.NoSuchElementException: 
no such element: Unable to locate element: {"method":"xpath","selector":"//*[@class='col-md-8 newpad ng-binding'][contains(text(),'25')]"}
  (Session info: chrome=73.0.3683.103)
  (Driver info: chromedriver=2.46.628402 (536cd7adbad73a3783fdc2cab92ab2ba7ec361e1),platform=Windows NT 10.0.17134 x86_64) (WARNING: The server did not provide any stacktrace information)
Command duration or timeout: 0 milliseconds
For documentation on this error, please visit: https://www.seleniumhq.org/exceptions/no_such_element.html
Build info: version: '3.141.59', revision: 'e82be7d358', time: '2018-11-14T08:17:03'
System info: host: 'DESKTOP-HB18O22', ip: '192.168.1.225', os.name: 'Windows 10', os.arch: 'amd64', os.version: '10.0', java.version: '11.0.2'
Driver info: org.openqa.selenium.chrome.ChromeDriver
Capabilities {acceptInsecureCerts: false, acceptSslCerts: false, applicationCacheEnabled: false, browserConnectionEnabled: false, browserName: chrome, chrome: {chromedriverVersion: 2.46.628402 (536cd7adbad73a..., userDataDir: C:\Users\STEVEE~1\AppData\L...}, cssSelectorsEnabled: true, databaseEnabled: false, goog:chromeOptions: {debuggerAddress: localhost:50521}, handlesAlerts: true, hasTouchScreen: false, javascriptEnabled: true, locationContextEnabled: true, mobileEmulationEnabled: false, nativeEvents: true, networkConnectionEnabled: false, pageLoadStrategy: normal, platform: XP, platformName: XP, proxy: Proxy(), rotatable: false, setWindowRect: true, strictFileInteractability: false, takesHeapSnapshot: true, takesScreenshot: true, timeouts: {implicit: 0, pageLoad: 300000, script: 30000}, unexpectedAlertBehaviour: ignore, unhandledPromptBehavior: ignore, version: 73.0.3683.103, webStorageEnabled: true}
Session ID: 970aa7ffd3aa8e1c0253b6c51658ab15
*** Element info: {Using=xpath, value=//*[@class='col-md-8 newpad ng-binding'][contains(text(),'25')]}
	at com.triveniit.goya.qa.testscripts.CreateOrder.addProgramTypePromoToOrder(CreateOrder.java:135)
</failure>
    <system-err><![CDATA[java.net.MalformedURLException: no protocol: 
	at java.base/java.net.URL.<init>(URL.java:627)
	at java.base/java.net.URL.<init>(URL.java:523)
	at java.base/java.net.URL.<init>(URL.java:470)
	at com.triveniit.goya.qa.framework.utils.DriverFactory.getInstance(DriverFactory.java:85)
	at com.triveniit.goya.qa.framework.scriptbase.ScriptBase.beforeMethod(ScriptBase.java:46)
	at java.base/jdk.internal.reflect.NativeMethodAccessorImpl.invoke0(Native Method)
	at java.base/jdk.internal.reflect.NativeMethodAccessorImpl.invoke(NativeMethodAccessorImpl.java:62)
	at java.base/jdk.internal.reflect.DelegatingMethodAccessorImpl.invoke(DelegatingMethodAccessorImpl.java:43)
	at java.base/java.lang.reflect.Method.invoke(Method.java:566)
	at org.testng.internal.MethodInvocationHelper.invokeMethod(MethodInvocationHelper.java:124)
	at org.testng.internal.MethodInvocationHelper.invokeMethodConsideringTimeout(MethodInvocationHelper.java:59)
	at org.testng.internal.Invoker.invokeConfigurationMethod(Invoker.java:458)
	at org.testng.internal.Invoker.invokeConfigurations(Invoker.java:222)
	at org.testng.internal.Invoker.invokeMethod(Invoker.java:523)
	at org.testng.internal.Invoker.invokeTestMethod(Invoker.java:719)
	at org.testng.internal.Invoker.invokeTestMethods(Invoker.java:989)
	at org.testng.internal.TestMethodWorker.invokeTestMethods(TestMethodWorker.java:125)
	at org.testng.internal.TestMethodWorker.run(TestMethodWorker.java:109)
	at org.testng.TestRunner.privateRun(TestRunner.java:648)
	at org.testng.TestRunner.run(TestRunner.java:505)
	at org.testng.SuiteRunner.runTest(SuiteRunner.java:455)
	at org.testng.SuiteRunner.runSequentially(SuiteRunner.java:450)
	at org.testng.SuiteRunner.privateRun(SuiteRunner.java:415)
	at org.testng.SuiteRunner.run(SuiteRunner.java:364)
	at org.testng.SuiteRunnerWorker.runSuite(SuiteRunnerWorker.java:52)
	at org.testng.SuiteRunnerWorker.run(SuiteRunnerWorker.java:84)
	at org.testng.TestNG.runSuitesSequentially(TestNG.java:1208)
	at org.testng.TestNG.runSuitesLocally(TestNG.java:1137)
	at org.testng.TestNG.runSuites(TestNG.java:1049)
	at org.testng.TestNG.run(TestNG.java:1017)
	at org.apache.maven.surefire.testng.TestNGExecutor.run(TestNGExecutor.java:283)
	at org.apache.maven.surefire.testng.TestNGXmlTestSuite.execute(TestNGXmlTestSuite.java:75)
	at org.apache.maven.surefire.testng.TestNGProvider.invoke(TestNGProvider.java:120)
	at org.apache.maven.surefire.booter.ForkedBooter.invokeProviderInSameClassLoader(ForkedBooter.java:383)
	at org.apache.maven.surefire.booter.ForkedBooter.runSuitesInProcess(ForkedBooter.java:344)
	at org.apache.maven.surefire.booter.ForkedBooter.execute(ForkedBooter.java:125)
	at org.apache.maven.surefire.booter.ForkedBooter.main(ForkedBooter.java:417)
Starting ChromeDriver 2.46.628402 (536cd7adbad73a3783fdc2cab92ab2ba7ec361e1) on port 32647
Only local connections are allowed.
Please protect ports used by ChromeDriver and related test frameworks to prevent access by malicious code.
May 03, 2019 9:57:50 AM org.openqa.selenium.remote.ProtocolHandshake createSession
INFO: Detected dialect: OSS
]]></system-err>
  </testcase>
  <testcase name="balanceOwedCollect" classname="com.triveniit.goya.qa.testscripts.CreateOrder" time="8.287"/>
  <testcase name="noCustomerSelected" classname="com.triveniit.goya.qa.testscripts.CreateOrder" time="10.096"/>
  <testcase name="userAddsItemToOrder" classname="com.triveniit.goya.qa.testscripts.CreateOrder" time="4.658"/>
  <testcase name="userAddsItemUsingSearchFeature" classname="com.triveniit.goya.qa.testscripts.CreateOrder" time="15.629"/>
  <testcase name="userEntersInvalidUPCForItem" classname="com.triveniit.goya.qa.testscripts.CreateOrder" time="5.625"/>
  <testcase name="userMustAddValidNumberItemCaseQty" classname="com.triveniit.goya.qa.testscripts.CreateOrder" time="11.47"/>
  <testcase name="userSubmitsCustomerOrder" classname="com.triveniit.goya.qa.testscripts.CreateOrder" time="9.588"/>
  <testcase name="verifyCannotSubmitEmptyOrder" classname="com.triveniit.goya.qa.testscripts.CreateOrder" time="6.96"/>
  <testcase name="verifyDeliveryDayNoDeliveryDayCannotMatch" classname="com.triveniit.goya.qa.testscripts.CreateOrder" time="6.027"/>
  <testcase name="verifyNoSubmitalWhenAllItemsDeleted" classname="com.triveniit.goya.qa.testscripts.CreateOrder" time="19.353"/>
  <testcase name="verifyUnder$200DeliverySurcharge" classname="com.triveniit.goya.qa.testscripts.CreateOrder" time="7.638"/>
  <testcase name="addItemByTextQty" classname="com.triveniit.goya.qa.testscripts.SmartOrderTest" time="4.061"/>
  <testcase name="addOneItemToOrder" classname="com.triveniit.goya.qa.testscripts.SmartOrderTest" time="4.739"/>
  <testcase name="addTwoDifferentItemsDiffQty" classname="com.triveniit.goya.qa.testscripts.SmartOrderTest" time="7.5"/>
  <testcase name="deletingItemUsingQtyButton" classname="com.triveniit.goya.qa.testscripts.SmartOrderTest" time="6.82"/>
  <testcase name="deletingItemfromCart" classname="com.triveniit.goya.qa.testscripts.SmartOrderTest" time="6.925"/>
  <testcase name="verifyCorrectCustomerInfo" classname="com.triveniit.goya.qa.testscripts.SmartOrderTest" time="0.546"/>
  <testcase name="verifyCorrectItemInCart" classname="com.triveniit.goya.qa.testscripts.SmartOrderTest" time="2.696"/>
  <testcase name="verifyDeliveryChargeAlert" classname="com.triveniit.goya.qa.testscripts.SmartOrderTest" time="5.104"/>
  <testcase name="verifyMinusKeyCannotInputNeg" classname="com.triveniit.goya.qa.testscripts.SmartOrderTest" time="1.561"/>
  <testcase name="verifyMinusKeyDisabledAfterDeletingAllItemsFromCart" classname="com.triveniit.goya.qa.testscripts.SmartOrderTest" time="2.115"/>
  <testcase name="verifyMinusKeyDisabledWhenLandingOnSmartOrderPage" classname="com.triveniit.goya.qa.testscripts.SmartOrderTest" time="1.028"/>
  <testcase name="verifySubmitOrderButtonDisableWhenCartEmpty" classname="com.triveniit.goya.qa.testscripts.SmartOrderTest" time="3.925"/>
  <testcase name="verifySubmitOrderButtonDisableWhenLandingOnSOPage" classname="com.triveniit.goya.qa.testscripts.SmartOrderTest" time="0.928"/>
  <testcase name="verifySwitchCustAlert" classname="com.triveniit.goya.qa.testscripts.SmartOrderTest" time="2.414"/>
  <testcase name="verifyUserCanSubmitOrder" classname="com.triveniit.goya.qa.testscripts.SmartOrderTest" time="7.076"/>
</testsuite>