<?xml version="1.0" encoding="UTF-8"?>
<testng-results ignored="0" total="29" passed="28" failed="1" skipped="0">
  <reporter-output>
  </reporter-output>
  <suite started-at="2019-05-03T13:57:23Z" name="Goya QA Full Test Suite" finished-at="2019-05-03T14:09:00Z" duration-ms="696750">
    <groups>
    </groups>
    <test started-at="2019-05-03T13:57:23Z" name="Goya Full Test Suite" finished-at="2019-05-03T14:09:00Z" duration-ms="696750">
      <class name="com.triveniit.goya.qa.testscripts.CreateOrder">
        <test-method is-config="true" signature="beforeClass()[pri:0, instance:com.triveniit.goya.qa.testscripts.CreateOrder@1fe8d51b]" started-at="2019-05-03T13:57:48Z" name="beforeClass" finished-at="2019-05-03T13:57:48Z" duration-ms="1" status="PASS">
          <reporter-output>
          </reporter-output>
        </test-method> <!-- beforeClass -->
        <test-method is-config="true" signature="beforeMethod(java.lang.String)[pri:0, instance:com.triveniit.goya.qa.testscripts.CreateOrder@1fe8d51b]" started-at="2019-05-03T13:57:48Z" name="beforeMethod" finished-at="2019-05-03T13:57:59Z" duration-ms="11602" status="PASS">
          <params>
            <param index="0">
              <value>
                <![CDATA[grid_chrome_16]]>
              </value>
            </param>
          </params>
          <reporter-output>
          </reporter-output>
        </test-method> <!-- beforeMethod -->
        <test-method is-config="true" signature="navigateToCreateOrderPage()[pri:0, instance:com.triveniit.goya.qa.testscripts.CreateOrder@1fe8d51b]" started-at="2019-05-03T13:57:59Z" name="navigateToCreateOrderPage" finished-at="2019-05-03T13:58:02Z" duration-ms="3143" status="PASS">
          <reporter-output>
          </reporter-output>
        </test-method> <!-- navigateToCreateOrderPage -->
        <test-method signature="addProgramTypePromoToOrder()[pri:0, instance:com.triveniit.goya.qa.testscripts.CreateOrder@1fe8d51b]" started-at="2019-05-03T13:58:02Z" name="addProgramTypePromoToOrder" finished-at="2019-05-03T13:58:24Z" duration-ms="21884" status="FAIL">
          <exception class="org.openqa.selenium.NoSuchElementException">
            <message>
              <![CDATA[no such element: Unable to locate element: {"method":"xpath","selector":"//*[@class='col-md-8 newpad ng-binding'][contains(text(),'25')]"}
  (Session info: chrome=73.0.3683.103)
  (Driver info: chromedriver=2.46.628402 (536cd7adbad73a3783fdc2cab92ab2ba7ec361e1),platform=Windows NT 10.0.17134 x86_64) (WARNING: The server did not provide any stacktrace information)
Command duration or timeout: 0 milliseconds
For documentation on this error, please visit: https://www.seleniumhq.org/exceptions/no_such_element.html
Build info: version: '3.141.59', revision: 'e82be7d358', time: '2018-11-14T08:17:03'
System info: host: 'DESKTOP-HB18O22', ip: '192.168.1.225', os.name: 'Windows 10', os.arch: 'amd64', os.version: '10.0', java.version: '11.0.2'
Driver info: org.openqa.selenium.chrome.ChromeDriver
Capabilities {acceptInsecureCerts: false, acceptSslCerts: false, applicationCacheEnabled: false, browserConnectionEnabled: false, browserName: chrome, chrome: {chromedriverVersion: 2.46.628402 (536cd7adbad73a..., userDataDir: C:\Users\STEVEE~1\AppData\L...}, cssSelectorsEnabled: true, databaseEnabled: false, goog:chromeOptions: {debuggerAddress: localhost:50521}, handlesAlerts: true, hasTouchScreen: false, javascriptEnabled: true, locationContextEnabled: true, mobileEmulationEnabled: false, nativeEvents: true, networkConnectionEnabled: false, pageLoadStrategy: normal, platform: XP, platformName: XP, proxy: Proxy(), rotatable: false, setWindowRect: true, strictFileInteractability: false, takesHeapSnapshot: true, takesScreenshot: true, timeouts: {implicit: 0, pageLoad: 300000, script: 30000}, unexpectedAlertBehaviour: ignore, unhandledPromptBehavior: ignore, version: 73.0.3683.103, webStorageEnabled: true}
Session ID: 970aa7ffd3aa8e1c0253b6c51658ab15
*** Element info: {Using=xpath, value=//*[@class='col-md-8 newpad ng-binding'][contains(text(),'25')]}]]>
            </message>
            <full-stacktrace>
              <![CDATA[org.openqa.selenium.NoSuchElementException: no such element: Unable to locate element: {"method":"xpath","selector":"//*[@class='col-md-8 newpad ng-binding'][contains(text(),'25')]"}
  (Session info: chrome=73.0.3683.103)
  (Driver info: chromedriver=2.46.628402 (536cd7adbad73a3783fdc2cab92ab2ba7ec361e1),platform=Windows NT 10.0.17134 x86_64) (WARNING: The server did not provide any stacktrace information)
Command duration or timeout: 0 milliseconds
For documentation on this error, please visit: https://www.seleniumhq.org/exceptions/no_such_element.html
Build info: version: '3.141.59', revision: 'e82be7d358', time: '2018-11-14T08:17:03'
System info: host: 'DESKTOP-HB18O22', ip: '192.168.1.225', os.name: 'Windows 10', os.arch: 'amd64', os.version: '10.0', java.version: '11.0.2'
Driver info: org.openqa.selenium.chrome.ChromeDriver
Capabilities {acceptInsecureCerts: false, acceptSslCerts: false, applicationCacheEnabled: false, browserConnectionEnabled: false, browserName: chrome, chrome: {chromedriverVersion: 2.46.628402 (536cd7adbad73a..., userDataDir: C:\Users\STEVEE~1\AppData\L...}, cssSelectorsEnabled: true, databaseEnabled: false, goog:chromeOptions: {debuggerAddress: localhost:50521}, handlesAlerts: true, hasTouchScreen: false, javascriptEnabled: true, locationContextEnabled: true, mobileEmulationEnabled: false, nativeEvents: true, networkConnectionEnabled: false, pageLoadStrategy: normal, platform: XP, platformName: XP, proxy: Proxy(), rotatable: false, setWindowRect: true, strictFileInteractability: false, takesHeapSnapshot: true, takesScreenshot: true, timeouts: {implicit: 0, pageLoad: 300000, script: 30000}, unexpectedAlertBehaviour: ignore, unhandledPromptBehavior: ignore, version: 73.0.3683.103, webStorageEnabled: true}
Session ID: 970aa7ffd3aa8e1c0253b6c51658ab15
*** Element info: {Using=xpath, value=//*[@class='col-md-8 newpad ng-binding'][contains(text(),'25')]}
at java.base/jdk.internal.reflect.NativeConstructorAccessorImpl.newInstance0(Native Method)
at java.base/jdk.internal.reflect.NativeConstructorAccessorImpl.newInstance(NativeConstructorAccessorImpl.java:62)
at java.base/jdk.internal.reflect.DelegatingConstructorAccessorImpl.newInstance(DelegatingConstructorAccessorImpl.java:45)
at java.base/java.lang.reflect.Constructor.newInstance(Constructor.java:490)
at org.openqa.selenium.remote.ErrorHandler.createThrowable(ErrorHandler.java:214)
at org.openqa.selenium.remote.ErrorHandler.throwIfResponseFailed(ErrorHandler.java:166)
at org.openqa.selenium.remote.http.JsonHttpResponseCodec.reconstructValue(JsonHttpResponseCodec.java:40)
at org.openqa.selenium.remote.http.AbstractHttpResponseCodec.decode(AbstractHttpResponseCodec.java:80)
at org.openqa.selenium.remote.http.AbstractHttpResponseCodec.decode(AbstractHttpResponseCodec.java:44)
at org.openqa.selenium.remote.HttpCommandExecutor.execute(HttpCommandExecutor.java:158)
at org.openqa.selenium.remote.service.DriverCommandExecutor.execute(DriverCommandExecutor.java:83)
at org.openqa.selenium.remote.RemoteWebDriver.execute(RemoteWebDriver.java:552)
at org.openqa.selenium.remote.RemoteWebDriver.findElement(RemoteWebDriver.java:323)
at org.openqa.selenium.remote.RemoteWebDriver.findElementByXPath(RemoteWebDriver.java:428)
at org.openqa.selenium.By$ByXPath.findElement(By.java:353)
at org.openqa.selenium.remote.RemoteWebDriver.findElement(RemoteWebDriver.java:315)
at org.openqa.selenium.support.pagefactory.DefaultElementLocator.findElement(DefaultElementLocator.java:69)
at org.openqa.selenium.support.pagefactory.internal.LocatingElementHandler.invoke(LocatingElementHandler.java:38)
at com.sun.proxy.$Proxy14.getText(Unknown Source)
at com.triveniit.goya.qa.framework.pages.CreateOrderPage.confirmPromoAdded(CreateOrderPage.java:228)
at com.triveniit.goya.qa.testscripts.CreateOrder.addProgramTypePromoToOrder(CreateOrder.java:135)
at java.base/jdk.internal.reflect.NativeMethodAccessorImpl.invoke0(Native Method)
at java.base/jdk.internal.reflect.NativeMethodAccessorImpl.invoke(NativeMethodAccessorImpl.java:62)
at java.base/jdk.internal.reflect.DelegatingMethodAccessorImpl.invoke(DelegatingMethodAccessorImpl.java:43)
at java.base/java.lang.reflect.Method.invoke(Method.java:566)
at org.testng.internal.MethodInvocationHelper.invokeMethod(MethodInvocationHelper.java:124)
at org.testng.internal.Invoker.invokeMethod(Invoker.java:583)
at org.testng.internal.Invoker.invokeTestMethod(Invoker.java:719)
at org.testng.internal.Invoker.invokeTestMethods(Invoker.java:989)
at org.testng.internal.TestMethodWorker.invokeTestMethods(TestMethodWorker.java:125)
at org.testng.internal.TestMethodWorker.run(TestMethodWorker.java:109)
at org.testng.TestRunner.privateRun(TestRunner.java:648)
at org.testng.TestRunner.run(TestRunner.java:505)
at org.testng.SuiteRunner.runTest(SuiteRunner.java:455)
at org.testng.SuiteRunner.runSequentially(SuiteRunner.java:450)
at org.testng.SuiteRunner.privateRun(SuiteRunner.java:415)
at org.testng.SuiteRunner.run(SuiteRunner.java:364)
at org.testng.SuiteRunnerWorker.runSuite(SuiteRunnerWorker.java:52)
at org.testng.SuiteRunnerWorker.run(SuiteRunnerWorker.java:84)
at org.testng.TestNG.runSuitesSequentially(TestNG.java:1208)
at org.testng.TestNG.runSuitesLocally(TestNG.java:1137)
at org.testng.TestNG.runSuites(TestNG.java:1049)
at org.testng.TestNG.run(TestNG.java:1017)
at org.apache.maven.surefire.testng.TestNGExecutor.run(TestNGExecutor.java:283)
at org.apache.maven.surefire.testng.TestNGXmlTestSuite.execute(TestNGXmlTestSuite.java:75)
at org.apache.maven.surefire.testng.TestNGProvider.invoke(TestNGProvider.java:120)
at org.apache.maven.surefire.booter.ForkedBooter.invokeProviderInSameClassLoader(ForkedBooter.java:383)
at org.apache.maven.surefire.booter.ForkedBooter.runSuitesInProcess(ForkedBooter.java:344)
at org.apache.maven.surefire.booter.ForkedBooter.execute(ForkedBooter.java:125)
at org.apache.maven.surefire.booter.ForkedBooter.main(ForkedBooter.java:417)
]]>
            </full-stacktrace>
          </exception> <!-- org.openqa.selenium.NoSuchElementException -->
          <reporter-output>
          </reporter-output>
        </test-method> <!-- addProgramTypePromoToOrder -->
        <test-method is-config="true" signature="afterMethod()[pri:0, instance:com.triveniit.goya.qa.testscripts.CreateOrder@1fe8d51b]" started-at="2019-05-03T13:58:24Z" name="afterMethod" finished-at="2019-05-03T13:58:25Z" duration-ms="793" status="PASS">
          <reporter-output>
          </reporter-output>
        </test-method> <!-- afterMethod -->
        <test-method is-config="true" signature="beforeMethod(java.lang.String)[pri:0, instance:com.triveniit.goya.qa.testscripts.CreateOrder@1fe8d51b]" started-at="2019-05-03T13:58:25Z" name="beforeMethod" finished-at="2019-05-03T13:58:37Z" duration-ms="11672" status="PASS">
          <params>
            <param index="0">
              <value>
                <![CDATA[grid_chrome_16]]>
              </value>
            </param>
          </params>
          <reporter-output>
          </reporter-output>
        </test-method> <!-- beforeMethod -->
        <test-method is-config="true" signature="navigateToCreateOrderPage()[pri:0, instance:com.triveniit.goya.qa.testscripts.CreateOrder@1fe8d51b]" started-at="2019-05-03T13:58:37Z" name="navigateToCreateOrderPage" finished-at="2019-05-03T13:58:40Z" duration-ms="3093" status="PASS">
          <reporter-output>
          </reporter-output>
        </test-method> <!-- navigateToCreateOrderPage -->
        <test-method signature="balanceOwedCollect()[pri:0, instance:com.triveniit.goya.qa.testscripts.CreateOrder@1fe8d51b]" started-at="2019-05-03T13:58:40Z" name="balanceOwedCollect" finished-at="2019-05-03T13:58:48Z" duration-ms="8288" status="PASS">
          <reporter-output>
          </reporter-output>
        </test-method> <!-- balanceOwedCollect -->
        <test-method is-config="true" signature="afterMethod()[pri:0, instance:com.triveniit.goya.qa.testscripts.CreateOrder@1fe8d51b]" started-at="2019-05-03T13:58:48Z" name="afterMethod" finished-at="2019-05-03T13:58:49Z" duration-ms="777" status="PASS">
          <reporter-output>
          </reporter-output>
        </test-method> <!-- afterMethod -->
        <test-method is-config="true" signature="beforeMethod(java.lang.String)[pri:0, instance:com.triveniit.goya.qa.testscripts.CreateOrder@1fe8d51b]" started-at="2019-05-03T13:58:49Z" name="beforeMethod" finished-at="2019-05-03T13:59:01Z" duration-ms="11719" status="PASS">
          <params>
            <param index="0">
              <value>
                <![CDATA[grid_chrome_16]]>
              </value>
            </param>
          </params>
          <reporter-output>
          </reporter-output>
        </test-method> <!-- beforeMethod -->
        <test-method is-config="true" signature="navigateToCreateOrderPage()[pri:0, instance:com.triveniit.goya.qa.testscripts.CreateOrder@1fe8d51b]" started-at="2019-05-03T13:59:01Z" name="navigateToCreateOrderPage" finished-at="2019-05-03T13:59:04Z" duration-ms="3145" status="PASS">
          <reporter-output>
          </reporter-output>
        </test-method> <!-- navigateToCreateOrderPage -->
        <test-method signature="noCustomerSelected()[pri:0, instance:com.triveniit.goya.qa.testscripts.CreateOrder@1fe8d51b]" started-at="2019-05-03T13:59:04Z" name="noCustomerSelected" finished-at="2019-05-03T13:59:14Z" duration-ms="10093" status="PASS">
          <reporter-output>
          </reporter-output>
        </test-method> <!-- noCustomerSelected -->
        <test-method is-config="true" signature="afterMethod()[pri:0, instance:com.triveniit.goya.qa.testscripts.CreateOrder@1fe8d51b]" started-at="2019-05-03T13:59:14Z" name="afterMethod" finished-at="2019-05-03T13:59:15Z" duration-ms="811" status="PASS">
          <reporter-output>
          </reporter-output>
        </test-method> <!-- afterMethod -->
        <test-method is-config="true" signature="beforeMethod(java.lang.String)[pri:0, instance:com.triveniit.goya.qa.testscripts.CreateOrder@1fe8d51b]" started-at="2019-05-03T13:59:15Z" name="beforeMethod" finished-at="2019-05-03T13:59:26Z" duration-ms="11558" status="PASS">
          <params>
            <param index="0">
              <value>
                <![CDATA[grid_chrome_16]]>
              </value>
            </param>
          </params>
          <reporter-output>
          </reporter-output>
        </test-method> <!-- beforeMethod -->
        <test-method is-config="true" signature="navigateToCreateOrderPage()[pri:0, instance:com.triveniit.goya.qa.testscripts.CreateOrder@1fe8d51b]" started-at="2019-05-03T13:59:26Z" name="navigateToCreateOrderPage" finished-at="2019-05-03T13:59:31Z" duration-ms="5292" status="PASS">
          <reporter-output>
          </reporter-output>
        </test-method> <!-- navigateToCreateOrderPage -->
        <test-method signature="userAddsItemToOrder()[pri:0, instance:com.triveniit.goya.qa.testscripts.CreateOrder@1fe8d51b]" started-at="2019-05-03T13:59:31Z" name="userAddsItemToOrder" finished-at="2019-05-03T13:59:36Z" duration-ms="4659" status="PASS">
          <reporter-output>
          </reporter-output>
        </test-method> <!-- userAddsItemToOrder -->
        <test-method is-config="true" signature="afterMethod()[pri:0, instance:com.triveniit.goya.qa.testscripts.CreateOrder@1fe8d51b]" started-at="2019-05-03T13:59:36Z" name="afterMethod" finished-at="2019-05-03T13:59:37Z" duration-ms="821" status="PASS">
          <reporter-output>
          </reporter-output>
        </test-method> <!-- afterMethod -->
        <test-method is-config="true" signature="beforeMethod(java.lang.String)[pri:0, instance:com.triveniit.goya.qa.testscripts.CreateOrder@1fe8d51b]" started-at="2019-05-03T13:59:37Z" name="beforeMethod" finished-at="2019-05-03T13:59:49Z" duration-ms="11715" status="PASS">
          <params>
            <param index="0">
              <value>
                <![CDATA[grid_chrome_16]]>
              </value>
            </param>
          </params>
          <reporter-output>
          </reporter-output>
        </test-method> <!-- beforeMethod -->
        <test-method is-config="true" signature="navigateToCreateOrderPage()[pri:0, instance:com.triveniit.goya.qa.testscripts.CreateOrder@1fe8d51b]" started-at="2019-05-03T13:59:49Z" name="navigateToCreateOrderPage" finished-at="2019-05-03T13:59:52Z" duration-ms="3119" status="PASS">
          <reporter-output>
          </reporter-output>
        </test-method> <!-- navigateToCreateOrderPage -->
        <test-method signature="userAddsItemUsingSearchFeature()[pri:0, instance:com.triveniit.goya.qa.testscripts.CreateOrder@1fe8d51b]" started-at="2019-05-03T13:59:52Z" name="userAddsItemUsingSearchFeature" finished-at="2019-05-03T14:00:07Z" duration-ms="15629" status="PASS">
          <reporter-output>
          </reporter-output>
        </test-method> <!-- userAddsItemUsingSearchFeature -->
        <test-method is-config="true" signature="afterMethod()[pri:0, instance:com.triveniit.goya.qa.testscripts.CreateOrder@1fe8d51b]" started-at="2019-05-03T14:00:07Z" name="afterMethod" finished-at="2019-05-03T14:00:08Z" duration-ms="798" status="PASS">
          <reporter-output>
          </reporter-output>
        </test-method> <!-- afterMethod -->
        <test-method is-config="true" signature="beforeMethod(java.lang.String)[pri:0, instance:com.triveniit.goya.qa.testscripts.CreateOrder@1fe8d51b]" started-at="2019-05-03T14:00:08Z" name="beforeMethod" finished-at="2019-05-03T14:00:23Z" duration-ms="14267" status="PASS">
          <params>
            <param index="0">
              <value>
                <![CDATA[grid_chrome_16]]>
              </value>
            </param>
          </params>
          <reporter-output>
          </reporter-output>
        </test-method> <!-- beforeMethod -->
        <test-method is-config="true" signature="navigateToCreateOrderPage()[pri:0, instance:com.triveniit.goya.qa.testscripts.CreateOrder@1fe8d51b]" started-at="2019-05-03T14:00:23Z" name="navigateToCreateOrderPage" finished-at="2019-05-03T14:00:26Z" duration-ms="3091" status="PASS">
          <reporter-output>
          </reporter-output>
        </test-method> <!-- navigateToCreateOrderPage -->
        <test-method signature="userEntersInvalidUPCForItem()[pri:0, instance:com.triveniit.goya.qa.testscripts.CreateOrder@1fe8d51b]" started-at="2019-05-03T14:00:26Z" name="userEntersInvalidUPCForItem" finished-at="2019-05-03T14:00:31Z" duration-ms="5626" status="PASS">
          <reporter-output>
          </reporter-output>
        </test-method> <!-- userEntersInvalidUPCForItem -->
        <test-method is-config="true" signature="afterMethod()[pri:0, instance:com.triveniit.goya.qa.testscripts.CreateOrder@1fe8d51b]" started-at="2019-05-03T14:00:31Z" name="afterMethod" finished-at="2019-05-03T14:00:32Z" duration-ms="777" status="PASS">
          <reporter-output>
          </reporter-output>
        </test-method> <!-- afterMethod -->
        <test-method is-config="true" signature="beforeMethod(java.lang.String)[pri:0, instance:com.triveniit.goya.qa.testscripts.CreateOrder@1fe8d51b]" started-at="2019-05-03T14:00:32Z" name="beforeMethod" finished-at="2019-05-03T14:00:44Z" duration-ms="11863" status="PASS">
          <params>
            <param index="0">
              <value>
                <![CDATA[grid_chrome_16]]>
              </value>
            </param>
          </params>
          <reporter-output>
          </reporter-output>
        </test-method> <!-- beforeMethod -->
        <test-method is-config="true" signature="navigateToCreateOrderPage()[pri:0, instance:com.triveniit.goya.qa.testscripts.CreateOrder@1fe8d51b]" started-at="2019-05-03T14:00:44Z" name="navigateToCreateOrderPage" finished-at="2019-05-03T14:00:47Z" duration-ms="3095" status="PASS">
          <reporter-output>
          </reporter-output>
        </test-method> <!-- navigateToCreateOrderPage -->
        <test-method signature="userMustAddValidNumberItemCaseQty()[pri:0, instance:com.triveniit.goya.qa.testscripts.CreateOrder@1fe8d51b]" started-at="2019-05-03T14:00:47Z" name="userMustAddValidNumberItemCaseQty" finished-at="2019-05-03T14:00:58Z" duration-ms="11407" status="PASS">
          <reporter-output>
          </reporter-output>
        </test-method> <!-- userMustAddValidNumberItemCaseQty -->
        <test-method is-config="true" signature="afterMethod()[pri:0, instance:com.triveniit.goya.qa.testscripts.CreateOrder@1fe8d51b]" started-at="2019-05-03T14:00:58Z" name="afterMethod" finished-at="2019-05-03T14:00:59Z" duration-ms="1072" status="PASS">
          <reporter-output>
          </reporter-output>
        </test-method> <!-- afterMethod -->
        <test-method is-config="true" signature="beforeMethod(java.lang.String)[pri:0, instance:com.triveniit.goya.qa.testscripts.CreateOrder@1fe8d51b]" started-at="2019-05-03T14:00:59Z" name="beforeMethod" finished-at="2019-05-03T14:01:11Z" duration-ms="11747" status="PASS">
          <params>
            <param index="0">
              <value>
                <![CDATA[grid_chrome_16]]>
              </value>
            </param>
          </params>
          <reporter-output>
          </reporter-output>
        </test-method> <!-- beforeMethod -->
        <test-method is-config="true" signature="navigateToCreateOrderPage()[pri:0, instance:com.triveniit.goya.qa.testscripts.CreateOrder@1fe8d51b]" started-at="2019-05-03T14:01:11Z" name="navigateToCreateOrderPage" finished-at="2019-05-03T14:01:14Z" duration-ms="3080" status="PASS">
          <reporter-output>
          </reporter-output>
        </test-method> <!-- navigateToCreateOrderPage -->
        <test-method signature="userSubmitsCustomerOrder()[pri:0, instance:com.triveniit.goya.qa.testscripts.CreateOrder@1fe8d51b]" started-at="2019-05-03T14:01:14Z" name="userSubmitsCustomerOrder" finished-at="2019-05-03T14:01:24Z" duration-ms="9586" status="PASS">
          <reporter-output>
          </reporter-output>
        </test-method> <!-- userSubmitsCustomerOrder -->
        <test-method is-config="true" signature="afterMethod()[pri:0, instance:com.triveniit.goya.qa.testscripts.CreateOrder@1fe8d51b]" started-at="2019-05-03T14:01:24Z" name="afterMethod" finished-at="2019-05-03T14:01:25Z" duration-ms="793" status="PASS">
          <reporter-output>
          </reporter-output>
        </test-method> <!-- afterMethod -->
        <test-method is-config="true" signature="beforeMethod(java.lang.String)[pri:0, instance:com.triveniit.goya.qa.testscripts.CreateOrder@1fe8d51b]" started-at="2019-05-03T14:01:25Z" name="beforeMethod" finished-at="2019-05-03T14:01:36Z" duration-ms="11417" status="PASS">
          <params>
            <param index="0">
              <value>
                <![CDATA[grid_chrome_16]]>
              </value>
            </param>
          </params>
          <reporter-output>
          </reporter-output>
        </test-method> <!-- beforeMethod -->
        <test-method is-config="true" signature="navigateToCreateOrderPage()[pri:0, instance:com.triveniit.goya.qa.testscripts.CreateOrder@1fe8d51b]" started-at="2019-05-03T14:01:36Z" name="navigateToCreateOrderPage" finished-at="2019-05-03T14:01:41Z" duration-ms="5399" status="PASS">
          <reporter-output>
          </reporter-output>
        </test-method> <!-- navigateToCreateOrderPage -->
        <test-method signature="verifyCannotSubmitEmptyOrder()[pri:0, instance:com.triveniit.goya.qa.testscripts.CreateOrder@1fe8d51b]" started-at="2019-05-03T14:01:41Z" name="verifyCannotSubmitEmptyOrder" finished-at="2019-05-03T14:01:48Z" duration-ms="6960" status="PASS">
          <reporter-output>
          </reporter-output>
        </test-method> <!-- verifyCannotSubmitEmptyOrder -->
        <test-method is-config="true" signature="afterMethod()[pri:0, instance:com.triveniit.goya.qa.testscripts.CreateOrder@1fe8d51b]" started-at="2019-05-03T14:01:48Z" name="afterMethod" finished-at="2019-05-03T14:01:49Z" duration-ms="774" status="PASS">
          <reporter-output>
          </reporter-output>
        </test-method> <!-- afterMethod -->
        <test-method is-config="true" signature="beforeMethod(java.lang.String)[pri:0, instance:com.triveniit.goya.qa.testscripts.CreateOrder@1fe8d51b]" started-at="2019-05-03T14:01:49Z" name="beforeMethod" finished-at="2019-05-03T14:02:01Z" duration-ms="11539" status="PASS">
          <params>
            <param index="0">
              <value>
                <![CDATA[grid_chrome_16]]>
              </value>
            </param>
          </params>
          <reporter-output>
          </reporter-output>
        </test-method> <!-- beforeMethod -->
        <test-method is-config="true" signature="navigateToCreateOrderPage()[pri:0, instance:com.triveniit.goya.qa.testscripts.CreateOrder@1fe8d51b]" started-at="2019-05-03T14:02:01Z" name="navigateToCreateOrderPage" finished-at="2019-05-03T14:02:06Z" duration-ms="4821" status="PASS">
          <reporter-output>
          </reporter-output>
        </test-method> <!-- navigateToCreateOrderPage -->
        <test-method signature="verifyDeliveryDayNoDeliveryDayCannotMatch()[pri:0, instance:com.triveniit.goya.qa.testscripts.CreateOrder@1fe8d51b]" started-at="2019-05-03T14:02:06Z" name="verifyDeliveryDayNoDeliveryDayCannotMatch" finished-at="2019-05-03T14:02:12Z" duration-ms="6028" status="PASS">
          <reporter-output>
          </reporter-output>
        </test-method> <!-- verifyDeliveryDayNoDeliveryDayCannotMatch -->
        <test-method is-config="true" signature="afterMethod()[pri:0, instance:com.triveniit.goya.qa.testscripts.CreateOrder@1fe8d51b]" started-at="2019-05-03T14:02:12Z" name="afterMethod" finished-at="2019-05-03T14:02:12Z" duration-ms="859" status="PASS">
          <reporter-output>
          </reporter-output>
        </test-method> <!-- afterMethod -->
        <test-method is-config="true" signature="beforeMethod(java.lang.String)[pri:0, instance:com.triveniit.goya.qa.testscripts.CreateOrder@1fe8d51b]" started-at="2019-05-03T14:02:12Z" name="beforeMethod" finished-at="2019-05-03T14:02:24Z" duration-ms="11431" status="PASS">
          <params>
            <param index="0">
              <value>
                <![CDATA[grid_chrome_16]]>
              </value>
            </param>
          </params>
          <reporter-output>
          </reporter-output>
        </test-method> <!-- beforeMethod -->
        <test-method is-config="true" signature="navigateToCreateOrderPage()[pri:0, instance:com.triveniit.goya.qa.testscripts.CreateOrder@1fe8d51b]" started-at="2019-05-03T14:02:24Z" name="navigateToCreateOrderPage" finished-at="2019-05-03T14:02:29Z" duration-ms="4890" status="PASS">
          <reporter-output>
          </reporter-output>
        </test-method> <!-- navigateToCreateOrderPage -->
        <test-method signature="verifyNoSubmitalWhenAllItemsDeleted()[pri:0, instance:com.triveniit.goya.qa.testscripts.CreateOrder@1fe8d51b]" started-at="2019-05-03T14:02:29Z" name="verifyNoSubmitalWhenAllItemsDeleted" finished-at="2019-05-03T14:02:48Z" duration-ms="19352" status="PASS">
          <reporter-output>
          </reporter-output>
        </test-method> <!-- verifyNoSubmitalWhenAllItemsDeleted -->
        <test-method is-config="true" signature="afterMethod()[pri:0, instance:com.triveniit.goya.qa.testscripts.CreateOrder@1fe8d51b]" started-at="2019-05-03T14:02:48Z" name="afterMethod" finished-at="2019-05-03T14:02:49Z" duration-ms="784" status="PASS">
          <reporter-output>
          </reporter-output>
        </test-method> <!-- afterMethod -->
        <test-method is-config="true" signature="beforeMethod(java.lang.String)[pri:0, instance:com.triveniit.goya.qa.testscripts.CreateOrder@1fe8d51b]" started-at="2019-05-03T14:02:49Z" name="beforeMethod" finished-at="2019-05-03T14:03:01Z" duration-ms="11673" status="PASS">
          <params>
            <param index="0">
              <value>
                <![CDATA[grid_chrome_16]]>
              </value>
            </param>
          </params>
          <reporter-output>
          </reporter-output>
        </test-method> <!-- beforeMethod -->
        <test-method is-config="true" signature="navigateToCreateOrderPage()[pri:0, instance:com.triveniit.goya.qa.testscripts.CreateOrder@1fe8d51b]" started-at="2019-05-03T14:03:01Z" name="navigateToCreateOrderPage" finished-at="2019-05-03T14:03:04Z" duration-ms="3157" status="PASS">
          <reporter-output>
          </reporter-output>
        </test-method> <!-- navigateToCreateOrderPage -->
        <test-method signature="verifyUnder$200DeliverySurcharge()[pri:0, instance:com.triveniit.goya.qa.testscripts.CreateOrder@1fe8d51b]" started-at="2019-05-03T14:03:04Z" name="verifyUnder$200DeliverySurcharge" finished-at="2019-05-03T14:03:11Z" duration-ms="7639" status="PASS">
          <reporter-output>
          </reporter-output>
        </test-method> <!-- verifyUnder$200DeliverySurcharge -->
        <test-method is-config="true" signature="afterMethod()[pri:0, instance:com.triveniit.goya.qa.testscripts.CreateOrder@1fe8d51b]" started-at="2019-05-03T14:03:11Z" name="afterMethod" finished-at="2019-05-03T14:03:12Z" duration-ms="781" status="PASS">
          <reporter-output>
          </reporter-output>
        </test-method> <!-- afterMethod -->
      </class> <!-- com.triveniit.goya.qa.testscripts.CreateOrder -->
      <class name="com.triveniit.goya.qa.testscripts.SmartOrderTest">
        <test-method is-config="true" signature="beforeClass()[pri:0, instance:com.triveniit.goya.qa.testscripts.SmartOrderTest@781e7326]" started-at="2019-05-03T14:03:12Z" name="beforeClass" finished-at="2019-05-03T14:03:12Z" duration-ms="1" status="PASS">
          <reporter-output>
          </reporter-output>
        </test-method> <!-- beforeClass -->
        <test-method is-config="true" signature="beforeMethod(java.lang.String)[pri:0, instance:com.triveniit.goya.qa.testscripts.SmartOrderTest@781e7326]" started-at="2019-05-03T14:03:12Z" name="beforeMethod" finished-at="2019-05-03T14:03:24Z" duration-ms="11519" status="PASS">
          <params>
            <param index="0">
              <value>
                <![CDATA[grid_chrome_16]]>
              </value>
            </param>
          </params>
          <reporter-output>
          </reporter-output>
        </test-method> <!-- beforeMethod -->
        <test-method is-config="true" signature="navigateToSmartOrderPage()[pri:0, instance:com.triveniit.goya.qa.testscripts.SmartOrderTest@781e7326]" started-at="2019-05-03T14:03:24Z" name="navigateToSmartOrderPage" finished-at="2019-05-03T14:03:32Z" duration-ms="8219" status="PASS">
          <reporter-output>
          </reporter-output>
        </test-method> <!-- navigateToSmartOrderPage -->
        <test-method signature="addItemByTextQty()[pri:0, instance:com.triveniit.goya.qa.testscripts.SmartOrderTest@781e7326]" started-at="2019-05-03T14:03:32Z" name="addItemByTextQty" finished-at="2019-05-03T14:03:36Z" duration-ms="4062" status="PASS">
          <reporter-output>
          </reporter-output>
        </test-method> <!-- addItemByTextQty -->
        <test-method is-config="true" signature="afterMethod()[pri:0, instance:com.triveniit.goya.qa.testscripts.SmartOrderTest@781e7326]" started-at="2019-05-03T14:03:36Z" name="afterMethod" finished-at="2019-05-03T14:03:37Z" duration-ms="803" status="PASS">
          <reporter-output>
          </reporter-output>
        </test-method> <!-- afterMethod -->
        <test-method is-config="true" signature="beforeMethod(java.lang.String)[pri:0, instance:com.triveniit.goya.qa.testscripts.SmartOrderTest@781e7326]" started-at="2019-05-03T14:03:37Z" name="beforeMethod" finished-at="2019-05-03T14:03:48Z" duration-ms="11442" status="PASS">
          <params>
            <param index="0">
              <value>
                <![CDATA[grid_chrome_16]]>
              </value>
            </param>
          </params>
          <reporter-output>
          </reporter-output>
        </test-method> <!-- beforeMethod -->
        <test-method is-config="true" signature="navigateToSmartOrderPage()[pri:0, instance:com.triveniit.goya.qa.testscripts.SmartOrderTest@781e7326]" started-at="2019-05-03T14:03:48Z" name="navigateToSmartOrderPage" finished-at="2019-05-03T14:03:54Z" duration-ms="6235" status="PASS">
          <reporter-output>
          </reporter-output>
        </test-method> <!-- navigateToSmartOrderPage -->
        <test-method signature="addOneItemToOrder()[pri:0, instance:com.triveniit.goya.qa.testscripts.SmartOrderTest@781e7326]" started-at="2019-05-03T14:03:54Z" name="addOneItemToOrder" finished-at="2019-05-03T14:03:59Z" duration-ms="4738" status="PASS">
          <reporter-output>
          </reporter-output>
        </test-method> <!-- addOneItemToOrder -->
        <test-method is-config="true" signature="afterMethod()[pri:0, instance:com.triveniit.goya.qa.testscripts.SmartOrderTest@781e7326]" started-at="2019-05-03T14:03:59Z" name="afterMethod" finished-at="2019-05-03T14:04:00Z" duration-ms="838" status="PASS">
          <reporter-output>
          </reporter-output>
        </test-method> <!-- afterMethod -->
        <test-method is-config="true" signature="beforeMethod(java.lang.String)[pri:0, instance:com.triveniit.goya.qa.testscripts.SmartOrderTest@781e7326]" started-at="2019-05-03T14:04:00Z" name="beforeMethod" finished-at="2019-05-03T14:04:11Z" duration-ms="11282" status="PASS">
          <params>
            <param index="0">
              <value>
                <![CDATA[grid_chrome_16]]>
              </value>
            </param>
          </params>
          <reporter-output>
          </reporter-output>
        </test-method> <!-- beforeMethod -->
        <test-method is-config="true" signature="navigateToSmartOrderPage()[pri:0, instance:com.triveniit.goya.qa.testscripts.SmartOrderTest@781e7326]" started-at="2019-05-03T14:04:11Z" name="navigateToSmartOrderPage" finished-at="2019-05-03T14:04:20Z" duration-ms="8786" status="PASS">
          <reporter-output>
          </reporter-output>
        </test-method> <!-- navigateToSmartOrderPage -->
        <test-method signature="addTwoDifferentItemsDiffQty()[pri:0, instance:com.triveniit.goya.qa.testscripts.SmartOrderTest@781e7326]" started-at="2019-05-03T14:04:20Z" name="addTwoDifferentItemsDiffQty" finished-at="2019-05-03T14:04:28Z" duration-ms="7502" status="PASS">
          <reporter-output>
          </reporter-output>
        </test-method> <!-- addTwoDifferentItemsDiffQty -->
        <test-method is-config="true" signature="afterMethod()[pri:0, instance:com.triveniit.goya.qa.testscripts.SmartOrderTest@781e7326]" started-at="2019-05-03T14:04:28Z" name="afterMethod" finished-at="2019-05-03T14:04:28Z" duration-ms="789" status="PASS">
          <reporter-output>
          </reporter-output>
        </test-method> <!-- afterMethod -->
        <test-method is-config="true" signature="beforeMethod(java.lang.String)[pri:0, instance:com.triveniit.goya.qa.testscripts.SmartOrderTest@781e7326]" started-at="2019-05-03T14:04:28Z" name="beforeMethod" finished-at="2019-05-03T14:04:41Z" duration-ms="12749" status="PASS">
          <params>
            <param index="0">
              <value>
                <![CDATA[grid_chrome_16]]>
              </value>
            </param>
          </params>
          <reporter-output>
          </reporter-output>
        </test-method> <!-- beforeMethod -->
        <test-method is-config="true" signature="navigateToSmartOrderPage()[pri:0, instance:com.triveniit.goya.qa.testscripts.SmartOrderTest@781e7326]" started-at="2019-05-03T14:04:41Z" name="navigateToSmartOrderPage" finished-at="2019-05-03T14:04:47Z" duration-ms="6142" status="PASS">
          <reporter-output>
          </reporter-output>
        </test-method> <!-- navigateToSmartOrderPage -->
        <test-method signature="deletingItemUsingQtyButton()[pri:0, instance:com.triveniit.goya.qa.testscripts.SmartOrderTest@781e7326]" started-at="2019-05-03T14:04:47Z" name="deletingItemUsingQtyButton" finished-at="2019-05-03T14:04:54Z" duration-ms="6820" status="PASS">
          <reporter-output>
          </reporter-output>
        </test-method> <!-- deletingItemUsingQtyButton -->
        <test-method is-config="true" signature="afterMethod()[pri:0, instance:com.triveniit.goya.qa.testscripts.SmartOrderTest@781e7326]" started-at="2019-05-03T14:04:54Z" name="afterMethod" finished-at="2019-05-03T14:04:55Z" duration-ms="787" status="PASS">
          <reporter-output>
          </reporter-output>
        </test-method> <!-- afterMethod -->
        <test-method is-config="true" signature="beforeMethod(java.lang.String)[pri:0, instance:com.triveniit.goya.qa.testscripts.SmartOrderTest@781e7326]" started-at="2019-05-03T14:04:55Z" name="beforeMethod" finished-at="2019-05-03T14:05:07Z" duration-ms="11792" status="PASS">
          <params>
            <param index="0">
              <value>
                <![CDATA[grid_chrome_16]]>
              </value>
            </param>
          </params>
          <reporter-output>
          </reporter-output>
        </test-method> <!-- beforeMethod -->
        <test-method is-config="true" signature="navigateToSmartOrderPage()[pri:0, instance:com.triveniit.goya.qa.testscripts.SmartOrderTest@781e7326]" started-at="2019-05-03T14:05:07Z" name="navigateToSmartOrderPage" finished-at="2019-05-03T14:05:13Z" duration-ms="6491" status="PASS">
          <reporter-output>
          </reporter-output>
        </test-method> <!-- navigateToSmartOrderPage -->
        <test-method signature="deletingItemfromCart()[pri:0, instance:com.triveniit.goya.qa.testscripts.SmartOrderTest@781e7326]" started-at="2019-05-03T14:05:13Z" name="deletingItemfromCart" finished-at="2019-05-03T14:05:20Z" duration-ms="6926" status="PASS">
          <reporter-output>
          </reporter-output>
        </test-method> <!-- deletingItemfromCart -->
        <test-method is-config="true" signature="afterMethod()[pri:0, instance:com.triveniit.goya.qa.testscripts.SmartOrderTest@781e7326]" started-at="2019-05-03T14:05:20Z" name="afterMethod" finished-at="2019-05-03T14:05:21Z" duration-ms="790" status="PASS">
          <reporter-output>
          </reporter-output>
        </test-method> <!-- afterMethod -->
        <test-method is-config="true" signature="beforeMethod(java.lang.String)[pri:0, instance:com.triveniit.goya.qa.testscripts.SmartOrderTest@781e7326]" started-at="2019-05-03T14:05:21Z" name="beforeMethod" finished-at="2019-05-03T14:05:32Z" duration-ms="11555" status="PASS">
          <params>
            <param index="0">
              <value>
                <![CDATA[grid_chrome_16]]>
              </value>
            </param>
          </params>
          <reporter-output>
          </reporter-output>
        </test-method> <!-- beforeMethod -->
        <test-method is-config="true" signature="navigateToSmartOrderPage()[pri:0, instance:com.triveniit.goya.qa.testscripts.SmartOrderTest@781e7326]" started-at="2019-05-03T14:05:32Z" name="navigateToSmartOrderPage" finished-at="2019-05-03T14:05:40Z" duration-ms="7579" status="PASS">
          <reporter-output>
          </reporter-output>
        </test-method> <!-- navigateToSmartOrderPage -->
        <test-method signature="verifyCorrectCustomerInfo()[pri:0, instance:com.triveniit.goya.qa.testscripts.SmartOrderTest@781e7326]" started-at="2019-05-03T14:05:40Z" name="verifyCorrectCustomerInfo" finished-at="2019-05-03T14:05:41Z" duration-ms="547" status="PASS">
          <reporter-output>
          </reporter-output>
        </test-method> <!-- verifyCorrectCustomerInfo -->
        <test-method is-config="true" signature="afterMethod()[pri:0, instance:com.triveniit.goya.qa.testscripts.SmartOrderTest@781e7326]" started-at="2019-05-03T14:05:41Z" name="afterMethod" finished-at="2019-05-03T14:05:41Z" duration-ms="794" status="PASS">
          <reporter-output>
          </reporter-output>
        </test-method> <!-- afterMethod -->
        <test-method is-config="true" signature="beforeMethod(java.lang.String)[pri:0, instance:com.triveniit.goya.qa.testscripts.SmartOrderTest@781e7326]" started-at="2019-05-03T14:05:41Z" name="beforeMethod" finished-at="2019-05-03T14:05:53Z" duration-ms="11486" status="PASS">
          <params>
            <param index="0">
              <value>
                <![CDATA[grid_chrome_16]]>
              </value>
            </param>
          </params>
          <reporter-output>
          </reporter-output>
        </test-method> <!-- beforeMethod -->
        <test-method is-config="true" signature="navigateToSmartOrderPage()[pri:0, instance:com.triveniit.goya.qa.testscripts.SmartOrderTest@781e7326]" started-at="2019-05-03T14:05:53Z" name="navigateToSmartOrderPage" finished-at="2019-05-03T14:05:59Z" duration-ms="6230" status="PASS">
          <reporter-output>
          </reporter-output>
        </test-method> <!-- navigateToSmartOrderPage -->
        <test-method signature="verifyCorrectItemInCart()[pri:0, instance:com.triveniit.goya.qa.testscripts.SmartOrderTest@781e7326]" started-at="2019-05-03T14:05:59Z" name="verifyCorrectItemInCart" finished-at="2019-05-03T14:06:02Z" duration-ms="2695" status="PASS">
          <reporter-output>
          </reporter-output>
        </test-method> <!-- verifyCorrectItemInCart -->
        <test-method is-config="true" signature="afterMethod()[pri:0, instance:com.triveniit.goya.qa.testscripts.SmartOrderTest@781e7326]" started-at="2019-05-03T14:06:02Z" name="afterMethod" finished-at="2019-05-03T14:06:03Z" duration-ms="799" status="PASS">
          <reporter-output>
          </reporter-output>
        </test-method> <!-- afterMethod -->
        <test-method is-config="true" signature="beforeMethod(java.lang.String)[pri:0, instance:com.triveniit.goya.qa.testscripts.SmartOrderTest@781e7326]" started-at="2019-05-03T14:06:03Z" name="beforeMethod" finished-at="2019-05-03T14:06:14Z" duration-ms="11425" status="PASS">
          <params>
            <param index="0">
              <value>
                <![CDATA[grid_chrome_16]]>
              </value>
            </param>
          </params>
          <reporter-output>
          </reporter-output>
        </test-method> <!-- beforeMethod -->
        <test-method is-config="true" signature="navigateToSmartOrderPage()[pri:0, instance:com.triveniit.goya.qa.testscripts.SmartOrderTest@781e7326]" started-at="2019-05-03T14:06:14Z" name="navigateToSmartOrderPage" finished-at="2019-05-03T14:06:20Z" duration-ms="5989" status="PASS">
          <reporter-output>
          </reporter-output>
        </test-method> <!-- navigateToSmartOrderPage -->
        <test-method signature="verifyDeliveryChargeAlert()[pri:0, instance:com.triveniit.goya.qa.testscripts.SmartOrderTest@781e7326]" started-at="2019-05-03T14:06:20Z" name="verifyDeliveryChargeAlert" finished-at="2019-05-03T14:06:25Z" duration-ms="5103" status="PASS">
          <reporter-output>
          </reporter-output>
        </test-method> <!-- verifyDeliveryChargeAlert -->
        <test-method is-config="true" signature="afterMethod()[pri:0, instance:com.triveniit.goya.qa.testscripts.SmartOrderTest@781e7326]" started-at="2019-05-03T14:06:25Z" name="afterMethod" finished-at="2019-05-03T14:06:26Z" duration-ms="847" status="PASS">
          <reporter-output>
          </reporter-output>
        </test-method> <!-- afterMethod -->
        <test-method is-config="true" signature="beforeMethod(java.lang.String)[pri:0, instance:com.triveniit.goya.qa.testscripts.SmartOrderTest@781e7326]" started-at="2019-05-03T14:06:26Z" name="beforeMethod" finished-at="2019-05-03T14:06:37Z" duration-ms="11400" status="PASS">
          <params>
            <param index="0">
              <value>
                <![CDATA[grid_chrome_16]]>
              </value>
            </param>
          </params>
          <reporter-output>
          </reporter-output>
        </test-method> <!-- beforeMethod -->
        <test-method is-config="true" signature="navigateToSmartOrderPage()[pri:0, instance:com.triveniit.goya.qa.testscripts.SmartOrderTest@781e7326]" started-at="2019-05-03T14:06:37Z" name="navigateToSmartOrderPage" finished-at="2019-05-03T14:06:45Z" duration-ms="7737" status="PASS">
          <reporter-output>
          </reporter-output>
        </test-method> <!-- navigateToSmartOrderPage -->
        <test-method signature="verifyMinusKeyCannotInputNeg()[pri:0, instance:com.triveniit.goya.qa.testscripts.SmartOrderTest@781e7326]" started-at="2019-05-03T14:06:45Z" name="verifyMinusKeyCannotInputNeg" finished-at="2019-05-03T14:06:47Z" duration-ms="1561" status="PASS">
          <reporter-output>
          </reporter-output>
        </test-method> <!-- verifyMinusKeyCannotInputNeg -->
        <test-method is-config="true" signature="afterMethod()[pri:0, instance:com.triveniit.goya.qa.testscripts.SmartOrderTest@781e7326]" started-at="2019-05-03T14:06:47Z" name="afterMethod" finished-at="2019-05-03T14:06:47Z" duration-ms="816" status="PASS">
          <reporter-output>
          </reporter-output>
        </test-method> <!-- afterMethod -->
        <test-method is-config="true" signature="beforeMethod(java.lang.String)[pri:0, instance:com.triveniit.goya.qa.testscripts.SmartOrderTest@781e7326]" started-at="2019-05-03T14:06:47Z" name="beforeMethod" finished-at="2019-05-03T14:06:59Z" duration-ms="11551" status="PASS">
          <params>
            <param index="0">
              <value>
                <![CDATA[grid_chrome_16]]>
              </value>
            </param>
          </params>
          <reporter-output>
          </reporter-output>
        </test-method> <!-- beforeMethod -->
        <test-method is-config="true" signature="navigateToSmartOrderPage()[pri:0, instance:com.triveniit.goya.qa.testscripts.SmartOrderTest@781e7326]" started-at="2019-05-03T14:06:59Z" name="navigateToSmartOrderPage" finished-at="2019-05-03T14:07:07Z" duration-ms="7943" status="PASS">
          <reporter-output>
          </reporter-output>
        </test-method> <!-- navigateToSmartOrderPage -->
        <test-method signature="verifyMinusKeyDisabledAfterDeletingAllItemsFromCart()[pri:0, instance:com.triveniit.goya.qa.testscripts.SmartOrderTest@781e7326]" started-at="2019-05-03T14:07:07Z" name="verifyMinusKeyDisabledAfterDeletingAllItemsFromCart" finished-at="2019-05-03T14:07:09Z" duration-ms="2115" status="PASS">
          <reporter-output>
          </reporter-output>
        </test-method> <!-- verifyMinusKeyDisabledAfterDeletingAllItemsFromCart -->
        <test-method is-config="true" signature="afterMethod()[pri:0, instance:com.triveniit.goya.qa.testscripts.SmartOrderTest@781e7326]" started-at="2019-05-03T14:07:09Z" name="afterMethod" finished-at="2019-05-03T14:07:10Z" duration-ms="791" status="PASS">
          <reporter-output>
          </reporter-output>
        </test-method> <!-- afterMethod -->
        <test-method is-config="true" signature="beforeMethod(java.lang.String)[pri:0, instance:com.triveniit.goya.qa.testscripts.SmartOrderTest@781e7326]" started-at="2019-05-03T14:07:10Z" name="beforeMethod" finished-at="2019-05-03T14:07:21Z" duration-ms="11427" status="PASS">
          <params>
            <param index="0">
              <value>
                <![CDATA[grid_chrome_16]]>
              </value>
            </param>
          </params>
          <reporter-output>
          </reporter-output>
        </test-method> <!-- beforeMethod -->
        <test-method is-config="true" signature="navigateToSmartOrderPage()[pri:0, instance:com.triveniit.goya.qa.testscripts.SmartOrderTest@781e7326]" started-at="2019-05-03T14:07:21Z" name="navigateToSmartOrderPage" finished-at="2019-05-03T14:07:28Z" duration-ms="6462" status="PASS">
          <reporter-output>
          </reporter-output>
        </test-method> <!-- navigateToSmartOrderPage -->
        <test-method signature="verifyMinusKeyDisabledWhenLandingOnSmartOrderPage()[pri:0, instance:com.triveniit.goya.qa.testscripts.SmartOrderTest@781e7326]" started-at="2019-05-03T14:07:28Z" name="verifyMinusKeyDisabledWhenLandingOnSmartOrderPage" finished-at="2019-05-03T14:07:29Z" duration-ms="1028" status="PASS">
          <reporter-output>
          </reporter-output>
        </test-method> <!-- verifyMinusKeyDisabledWhenLandingOnSmartOrderPage -->
        <test-method is-config="true" signature="afterMethod()[pri:0, instance:com.triveniit.goya.qa.testscripts.SmartOrderTest@781e7326]" started-at="2019-05-03T14:07:29Z" name="afterMethod" finished-at="2019-05-03T14:07:30Z" duration-ms="781" status="PASS">
          <reporter-output>
          </reporter-output>
        </test-method> <!-- afterMethod -->
        <test-method is-config="true" signature="beforeMethod(java.lang.String)[pri:0, instance:com.triveniit.goya.qa.testscripts.SmartOrderTest@781e7326]" started-at="2019-05-03T14:07:30Z" name="beforeMethod" finished-at="2019-05-03T14:07:41Z" duration-ms="11632" status="PASS">
          <params>
            <param index="0">
              <value>
                <![CDATA[grid_chrome_16]]>
              </value>
            </param>
          </params>
          <reporter-output>
          </reporter-output>
        </test-method> <!-- beforeMethod -->
        <test-method is-config="true" signature="navigateToSmartOrderPage()[pri:0, instance:com.triveniit.goya.qa.testscripts.SmartOrderTest@781e7326]" started-at="2019-05-03T14:07:41Z" name="navigateToSmartOrderPage" finished-at="2019-05-03T14:07:48Z" duration-ms="6366" status="PASS">
          <reporter-output>
          </reporter-output>
        </test-method> <!-- navigateToSmartOrderPage -->
        <test-method signature="verifySubmitOrderButtonDisableWhenCartEmpty()[pri:0, instance:com.triveniit.goya.qa.testscripts.SmartOrderTest@781e7326]" started-at="2019-05-03T14:07:48Z" name="verifySubmitOrderButtonDisableWhenCartEmpty" finished-at="2019-05-03T14:07:51Z" duration-ms="3925" status="PASS">
          <reporter-output>
          </reporter-output>
        </test-method> <!-- verifySubmitOrderButtonDisableWhenCartEmpty -->
        <test-method is-config="true" signature="afterMethod()[pri:0, instance:com.triveniit.goya.qa.testscripts.SmartOrderTest@781e7326]" started-at="2019-05-03T14:07:51Z" name="afterMethod" finished-at="2019-05-03T14:07:52Z" duration-ms="786" status="PASS">
          <reporter-output>
          </reporter-output>
        </test-method> <!-- afterMethod -->
        <test-method is-config="true" signature="beforeMethod(java.lang.String)[pri:0, instance:com.triveniit.goya.qa.testscripts.SmartOrderTest@781e7326]" started-at="2019-05-03T14:07:52Z" name="beforeMethod" finished-at="2019-05-03T14:08:04Z" duration-ms="11367" status="PASS">
          <params>
            <param index="0">
              <value>
                <![CDATA[grid_chrome_16]]>
              </value>
            </param>
          </params>
          <reporter-output>
          </reporter-output>
        </test-method> <!-- beforeMethod -->
        <test-method is-config="true" signature="navigateToSmartOrderPage()[pri:0, instance:com.triveniit.goya.qa.testscripts.SmartOrderTest@781e7326]" started-at="2019-05-03T14:08:04Z" name="navigateToSmartOrderPage" finished-at="2019-05-03T14:08:11Z" duration-ms="7000" status="PASS">
          <reporter-output>
          </reporter-output>
        </test-method> <!-- navigateToSmartOrderPage -->
        <test-method signature="verifySubmitOrderButtonDisableWhenLandingOnSOPage()[pri:0, instance:com.triveniit.goya.qa.testscripts.SmartOrderTest@781e7326]" started-at="2019-05-03T14:08:11Z" name="verifySubmitOrderButtonDisableWhenLandingOnSOPage" finished-at="2019-05-03T14:08:12Z" duration-ms="927" status="PASS">
          <reporter-output>
          </reporter-output>
        </test-method> <!-- verifySubmitOrderButtonDisableWhenLandingOnSOPage -->
        <test-method is-config="true" signature="afterMethod()[pri:0, instance:com.triveniit.goya.qa.testscripts.SmartOrderTest@781e7326]" started-at="2019-05-03T14:08:12Z" name="afterMethod" finished-at="2019-05-03T14:08:12Z" duration-ms="811" status="PASS">
          <reporter-output>
          </reporter-output>
        </test-method> <!-- afterMethod -->
        <test-method is-config="true" signature="beforeMethod(java.lang.String)[pri:0, instance:com.triveniit.goya.qa.testscripts.SmartOrderTest@781e7326]" started-at="2019-05-03T14:08:12Z" name="beforeMethod" finished-at="2019-05-03T14:08:24Z" duration-ms="11539" status="PASS">
          <params>
            <param index="0">
              <value>
                <![CDATA[grid_chrome_16]]>
              </value>
            </param>
          </params>
          <reporter-output>
          </reporter-output>
        </test-method> <!-- beforeMethod -->
        <test-method is-config="true" signature="navigateToSmartOrderPage()[pri:0, instance:com.triveniit.goya.qa.testscripts.SmartOrderTest@781e7326]" started-at="2019-05-03T14:08:24Z" name="navigateToSmartOrderPage" finished-at="2019-05-03T14:08:31Z" duration-ms="7211" status="PASS">
          <reporter-output>
          </reporter-output>
        </test-method> <!-- navigateToSmartOrderPage -->
        <test-method signature="verifySwitchCustAlert()[pri:0, instance:com.triveniit.goya.qa.testscripts.SmartOrderTest@781e7326]" started-at="2019-05-03T14:08:31Z" name="verifySwitchCustAlert" finished-at="2019-05-03T14:08:34Z" duration-ms="2412" status="PASS">
          <reporter-output>
          </reporter-output>
        </test-method> <!-- verifySwitchCustAlert -->
        <test-method is-config="true" signature="afterMethod()[pri:0, instance:com.triveniit.goya.qa.testscripts.SmartOrderTest@781e7326]" started-at="2019-05-03T14:08:34Z" name="afterMethod" finished-at="2019-05-03T14:08:34Z" duration-ms="773" status="PASS">
          <reporter-output>
          </reporter-output>
        </test-method> <!-- afterMethod -->
        <test-method is-config="true" signature="beforeMethod(java.lang.String)[pri:0, instance:com.triveniit.goya.qa.testscripts.SmartOrderTest@781e7326]" started-at="2019-05-03T14:08:34Z" name="beforeMethod" finished-at="2019-05-03T14:08:46Z" duration-ms="11263" status="PASS">
          <params>
            <param index="0">
              <value>
                <![CDATA[grid_chrome_16]]>
              </value>
            </param>
          </params>
          <reporter-output>
          </reporter-output>
        </test-method> <!-- beforeMethod -->
        <test-method is-config="true" signature="navigateToSmartOrderPage()[pri:0, instance:com.triveniit.goya.qa.testscripts.SmartOrderTest@781e7326]" started-at="2019-05-03T14:08:46Z" name="navigateToSmartOrderPage" finished-at="2019-05-03T14:08:52Z" duration-ms="6580" status="PASS">
          <reporter-output>
          </reporter-output>
        </test-method> <!-- navigateToSmartOrderPage -->
        <test-method signature="verifyUserCanSubmitOrder()[pri:0, instance:com.triveniit.goya.qa.testscripts.SmartOrderTest@781e7326]" started-at="2019-05-03T14:08:52Z" name="verifyUserCanSubmitOrder" finished-at="2019-05-03T14:08:59Z" duration-ms="7077" status="PASS">
          <reporter-output>
          </reporter-output>
        </test-method> <!-- verifyUserCanSubmitOrder -->
        <test-method is-config="true" signature="afterMethod()[pri:0, instance:com.triveniit.goya.qa.testscripts.SmartOrderTest@781e7326]" started-at="2019-05-03T14:08:59Z" name="afterMethod" finished-at="2019-05-03T14:09:00Z" duration-ms="879" status="PASS">
          <reporter-output>
          </reporter-output>
        </test-method> <!-- afterMethod -->
      </class> <!-- com.triveniit.goya.qa.testscripts.SmartOrderTest -->
      <class name="com.triveniit.goya.qa.testscripts.HomePageTestNG">
        <test-method is-config="true" signature="beforeClass()[pri:0, instance:com.triveniit.goya.qa.testscripts.HomePageTestNG@41c07648]" started-at="2019-05-03T13:57:23Z" name="beforeClass" finished-at="2019-05-03T13:57:23Z" duration-ms="25" status="PASS">
          <reporter-output>
          </reporter-output>
        </test-method> <!-- beforeClass -->
        <test-method is-config="true" signature="beforeMethod(java.lang.String)[pri:0, instance:com.triveniit.goya.qa.testscripts.HomePageTestNG@41c07648]" started-at="2019-05-03T13:57:23Z" name="beforeMethod" finished-at="2019-05-03T13:57:33Z" duration-ms="9519" status="PASS">
          <params>
            <param index="0">
              <value>
                <![CDATA[grid_chrome_16]]>
              </value>
            </param>
          </params>
          <reporter-output>
          </reporter-output>
        </test-method> <!-- beforeMethod -->
        <test-method signature="checkBrokenLinks()[pri:0, instance:com.triveniit.goya.qa.testscripts.HomePageTestNG@41c07648]" started-at="2019-05-03T13:57:33Z" name="checkBrokenLinks" finished-at="2019-05-03T13:57:33Z" duration-ms="2" status="PASS">
          <reporter-output>
          </reporter-output>
        </test-method> <!-- checkBrokenLinks -->
        <test-method is-config="true" signature="afterMethod()[pri:0, instance:com.triveniit.goya.qa.testscripts.HomePageTestNG@41c07648]" started-at="2019-05-03T13:57:33Z" name="afterMethod" finished-at="2019-05-03T13:57:34Z" duration-ms="757" status="PASS">
          <reporter-output>
          </reporter-output>
        </test-method> <!-- afterMethod -->
        <test-method is-config="true" signature="beforeMethod(java.lang.String)[pri:0, instance:com.triveniit.goya.qa.testscripts.HomePageTestNG@41c07648]" started-at="2019-05-03T13:57:34Z" name="beforeMethod" finished-at="2019-05-03T13:57:46Z" duration-ms="12016" status="PASS">
          <params>
            <param index="0">
              <value>
                <![CDATA[grid_chrome_16]]>
              </value>
            </param>
          </params>
          <reporter-output>
          </reporter-output>
        </test-method> <!-- beforeMethod -->
        <test-method signature="smartOrderNotEnabledWithoutCustomer()[pri:0, instance:com.triveniit.goya.qa.testscripts.HomePageTestNG@41c07648]" started-at="2019-05-03T13:57:46Z" name="smartOrderNotEnabledWithoutCustomer" finished-at="2019-05-03T13:57:47Z" duration-ms="1107" status="PASS">
          <reporter-output>
          </reporter-output>
        </test-method> <!-- smartOrderNotEnabledWithoutCustomer -->
        <test-method is-config="true" signature="afterMethod()[pri:0, instance:com.triveniit.goya.qa.testscripts.HomePageTestNG@41c07648]" started-at="2019-05-03T13:57:47Z" name="afterMethod" finished-at="2019-05-03T13:57:48Z" duration-ms="758" status="PASS">
          <reporter-output>
          </reporter-output>
        </test-method> <!-- afterMethod -->
      </class> <!-- com.triveniit.goya.qa.testscripts.HomePageTestNG -->
    </test> <!-- Goya Full Test Suite -->
  </suite> <!-- Goya QA Full Test Suite -->
</testng-results>
